# JRE version: OpenJDK Runtime Environment Temurin-21.0.6+7 (21.0.6+7) (build 21.0.6+7-LTS)
# Java VM: OpenJDK 64-Bit Server VM Temurin-21.0.6+7 (21.0.6+7-LTS, mixed mode, sharing, tiered, compressed oops, compressed class ptrs, parallel gc, windows-amd64)
GC Precious Log:
 CardTable entry size: 512
 CPUs: 12 total, 12 available
 Memory: 5989M
 Large Page Support: Disabled
 NUMA Support: Disabled
 Compressed Oops: Enabled (32-bit)
 Alignments: Space 512K, Generation 512K, Heap 2M
 Heap Min Capacity: 100M
 Heap Initial Capacity: 100M
 Heap Max Capacity: 1G
 Pre-touch: Disabled
 Parallel Workers: 10
Heap:
 PSYoungGen      total 12288K, used 6566K [0x00000000eab00000, 0x00000000eb800000, 0x0000000100000000)
  eden space 11264K, 50% used [0x00000000eab00000,0x00000000eb0898b8,0x00000000eb600000)
  from space 1024K, 87% used [0x00000000eb600000,0x00000000eb6e0000,0x00000000eb700000)
  to   space 1024K, 0% used [0x00000000eb700000,0x00000000eb700000,0x00000000eb800000)
 ParOldGen       total 92160K, used 91884K [0x00000000c0000000, 0x00000000c5a00000, 0x00000000eab00000)
  object space 92160K, 99% used [0x00000000c0000000,0x00000000c59bb180,0x00000000c5a00000)
 Metaspace       used 58870K, committed 59968K, reserved 1114112K
  class space    used 6188K, committed 6656K, reserved 1048576K
GC Heap History (20 events):
Event: 8.730 GC heap before
{Heap before GC invocations=68 (full 3):
 PSYoungGen      total 12800K, used 12512K [0x00000000eab00000, 0x00000000eb980000, 0x0000000100000000)
  eden space 11264K, 100% used [0x00000000eab00000,0x00000000eb600000,0x00000000eb600000)
  from space 1536K, 81% used [0x00000000eb800000,0x00000000eb938000,0x00000000eb980000)
  to   space 1536K, 0% used [0x00000000eb600000,0x00000000eb600000,0x00000000eb780000)
 ParOldGen       total 85504K, used 79422K [0x00000000c0000000, 0x00000000c5380000, 0x00000000eab00000)
  object space 85504K, 92% used [0x00000000c0000000,0x00000000c4d8f8e0,0x00000000c5380000)
 Metaspace       used 58786K, committed 59968K, reserved 1114112K
  class space    used 6181K, committed 6656K, reserved 1048576K
}
Event: 8.732 GC heap after
{Heap after GC invocations=68 (full 3):
 PSYoungGen      total 12800K, used 1312K [0x00000000eab00000, 0x00000000eb900000, 0x0000000100000000)
  eden space 11264K, 0% used [0x00000000eab00000,0x00000000eab00000,0x00000000eb600000)
  from space 1536K, 85% used [0x00000000eb600000,0x00000000eb748000,0x00000000eb780000)
  to   space 1536K, 0% used [0x00000000eb780000,0x00000000eb780000,0x00000000eb900000)
 ParOldGen       total 85504K, used 80518K [0x00000000c0000000, 0x00000000c5380000, 0x00000000eab00000)
  object space 85504K, 94% used [0x00000000c0000000,0x00000000c4ea18e0,0x00000000c5380000)
 Metaspace       used 58786K, committed 59968K, reserved 1114112K
  class space    used 6181K, committed 6656K, reserved 1048576K
}
Event: 8.762 GC heap before
{Heap before GC invocations=69 (full 3):
 PSYoungGen      total 12800K, used 12576K [0x00000000eab00000, 0x00000000eb900000, 0x0000000100000000)
  eden space 11264K, 100% used [0x00000000eab00000,0x00000000eb600000,0x00000000eb600000)
  from space 1536K, 85% used [0x00000000eb600000,0x00000000eb748000,0x00000000eb780000)
  to   space 1536K, 0% used [0x00000000eb780000,0x00000000eb780000,0x00000000eb900000)
 ParOldGen       total 85504K, used 80518K [0x00000000c0000000, 0x00000000c5380000, 0x00000000eab00000)
  object space 85504K, 94% used [0x00000000c0000000,0x00000000c4ea18e0,0x00000000c5380000)
 Metaspace       used 58787K, committed 59968K, reserved 1114112K
  class space    used 6181K, committed 6656K, reserved 1048576K
}
Event: 8.764 GC heap after
{Heap after GC invocations=69 (full 3):
 PSYoungGen      total 12800K, used 1280K [0x00000000eab00000, 0x00000000eb900000, 0x0000000100000000)
  eden space 11264K, 0% used [0x00000000eab00000,0x00000000eab00000,0x00000000eb600000)
  from space 1536K, 83% used [0x00000000eb780000,0x00000000eb8c0000,0x00000000eb900000)
  to   space 1536K, 0% used [0x00000000eb600000,0x00000000eb600000,0x00000000eb780000)
 ParOldGen       total 85504K, used 81646K [0x00000000c0000000, 0x00000000c5380000, 0x00000000eab00000)
  object space 85504K, 95% used [0x00000000c0000000,0x00000000c4fbb8e0,0x00000000c5380000)
 Metaspace       used 58787K, committed 59968K, reserved 1114112K
  class space    used 6181K, committed 6656K, reserved 1048576K
}
Event: 8.790 GC heap before
{Heap before GC invocations=70 (full 3):
 PSYoungGen      total 12800K, used 12544K [0x00000000eab00000, 0x00000000eb900000, 0x0000000100000000)
  eden space 11264K, 100% used [0x00000000eab00000,0x00000000eb600000,0x00000000eb600000)
  from space 1536K, 83% used [0x00000000eb780000,0x00000000eb8c0000,0x00000000eb900000)
  to   space 1536K, 0% used [0x00000000eb600000,0x00000000eb600000,0x00000000eb780000)
 ParOldGen       total 85504K, used 81646K [0x00000000c0000000, 0x00000000c5380000, 0x00000000eab00000)
  object space 85504K, 95% used [0x00000000c0000000,0x00000000c4fbb8e0,0x00000000c5380000)
 Metaspace       used 58787K, committed 59968K, reserved 1114112K
  class space    used 6181K, committed 6656K, reserved 1048576K
}
Event: 8.792 GC heap after
{Heap after GC invocations=70 (full 3):
 PSYoungGen      total 12800K, used 1312K [0x00000000eab00000, 0x00000000eb900000, 0x0000000100000000)
  eden space 11264K, 0% used [0x00000000eab00000,0x00000000eab00000,0x00000000eb600000)
  from space 1536K, 85% used [0x00000000eb600000,0x00000000eb748000,0x00000000eb780000)
  to   space 1536K, 0% used [0x00000000eb780000,0x00000000eb780000,0x00000000eb900000)
 ParOldGen       total 85504K, used 82806K [0x00000000c0000000, 0x00000000c5380000, 0x00000000eab00000)
  object space 85504K, 96% used [0x00000000c0000000,0x00000000c50dd8e0,0x00000000c5380000)
 Metaspace       used 58787K, committed 59968K, reserved 1114112K
  class space    used 6181K, committed 6656K, reserved 1048576K
}
Event: 8.821 GC heap before
{Heap before GC invocations=71 (full 3):
 PSYoungGen      total 12800K, used 12576K [0x00000000eab00000, 0x00000000eb900000, 0x0000000100000000)
  eden space 11264K, 100% used [0x00000000eab00000,0x00000000eb600000,0x00000000eb600000)
  from space 1536K, 85% used [0x00000000eb600000,0x00000000eb748000,0x00000000eb780000)
  to   space 1536K, 0% used [0x00000000eb780000,0x00000000eb780000,0x00000000eb900000)
 ParOldGen       total 85504K, used 82806K [0x00000000c0000000, 0x00000000c5380000, 0x00000000eab00000)
  object space 85504K, 96% used [0x00000000c0000000,0x00000000c50dd8e0,0x00000000c5380000)
 Metaspace       used 58787K, committed 59968K, reserved 1114112K
  class space    used 6181K, committed 6656K, reserved 1048576K
}
Event: 8.823 GC heap after
{Heap after GC invocations=71 (full 3):
 PSYoungGen      total 12800K, used 1376K [0x00000000eab00000, 0x00000000eb900000, 0x0000000100000000)
  eden space 11264K, 0% used [0x00000000eab00000,0x00000000eab00000,0x00000000eb600000)
  from space 1536K, 89% used [0x00000000eb780000,0x00000000eb8d8000,0x00000000eb900000)
  to   space 1536K, 0% used [0x00000000eb600000,0x00000000eb600000,0x00000000eb780000)
 ParOldGen       total 85504K, used 83910K [0x00000000c0000000, 0x00000000c5380000, 0x00000000eab00000)
  object space 85504K, 98% used [0x00000000c0000000,0x00000000c51f18e0,0x00000000c5380000)
 Metaspace       used 58787K, committed 59968K, reserved 1114112K
  class space    used 6181K, committed 6656K, reserved 1048576K
}
Event: 8.859 GC heap before
{Heap before GC invocations=72 (full 3):
 PSYoungGen      total 12800K, used 12640K [0x00000000eab00000, 0x00000000eb900000, 0x0000000100000000)
  eden space 11264K, 100% used [0x00000000eab00000,0x00000000eb600000,0x00000000eb600000)
  from space 1536K, 89% used [0x00000000eb780000,0x00000000eb8d8000,0x00000000eb900000)
  to   space 1536K, 0% used [0x00000000eb600000,0x00000000eb600000,0x00000000eb780000)
 ParOldGen       total 85504K, used 83910K [0x00000000c0000000, 0x00000000c5380000, 0x00000000eab00000)
  object space 85504K, 98% used [0x00000000c0000000,0x00000000c51f18e0,0x00000000c5380000)
 Metaspace       used 58795K, committed 59968K, reserved 1114112K
  class space    used 6181K, committed 6656K, reserved 1048576K
}
Event: 8.862 GC heap after
{Heap after GC invocations=72 (full 3):
 PSYoungGen      total 12800K, used 1504K [0x00000000eab00000, 0x00000000eb900000, 0x0000000100000000)
  eden space 11264K, 0% used [0x00000000eab00000,0x00000000eab00000,0x00000000eb600000)
  from space 1536K, 97% used [0x00000000eb600000,0x00000000eb778000,0x00000000eb780000)
  to   space 1536K, 0% used [0x00000000eb780000,0x00000000eb780000,0x00000000eb900000)
 ParOldGen       total 85504K, used 85142K [0x00000000c0000000, 0x00000000c5380000, 0x00000000eab00000)
  object space 85504K, 99% used [0x00000000c0000000,0x00000000c53258e0,0x00000000c5380000)
 Metaspace       used 58795K, committed 59968K, reserved 1114112K
  class space    used 6181K, committed 6656K, reserved 1048576K
}
Event: 8.894 GC heap before
{Heap before GC invocations=73 (full 3):
 PSYoungGen      total 12800K, used 12768K [0x00000000eab00000, 0x00000000eb900000, 0x0000000100000000)
  eden space 11264K, 100% used [0x00000000eab00000,0x00000000eb600000,0x00000000eb600000)
  from space 1536K, 97% used [0x00000000eb600000,0x00000000eb778000,0x00000000eb780000)
  to   space 1536K, 0% used [0x00000000eb780000,0x00000000eb780000,0x00000000eb900000)
 ParOldGen       total 85504K, used 85142K [0x00000000c0000000, 0x00000000c5380000, 0x00000000eab00000)
  object space 85504K, 99% used [0x00000000c0000000,0x00000000c53258e0,0x00000000c5380000)
 Metaspace       used 58799K, committed 59968K, reserved 1114112K
  class space    used 6181K, committed 6656K, reserved 1048576K
}
Event: 8.896 GC heap after
{Heap after GC invocations=73 (full 3):
 PSYoungGen      total 12800K, used 1312K [0x00000000eab00000, 0x00000000eb900000, 0x0000000100000000)
  eden space 11264K, 0% used [0x00000000eab00000,0x00000000eab00000,0x00000000eb600000)
  from space 1536K, 85% used [0x00000000eb780000,0x00000000eb8c8000,0x00000000eb900000)
  to   space 1536K, 0% used [0x00000000eb600000,0x00000000eb600000,0x00000000eb780000)
 ParOldGen       total 86528K, used 86494K [0x00000000c0000000, 0x00000000c5480000, 0x00000000eab00000)
  object space 86528K, 99% used [0x00000000c0000000,0x00000000c54778e0,0x00000000c5480000)
 Metaspace       used 58799K, committed 59968K, reserved 1114112K
  class space    used 6181K, committed 6656K, reserved 1048576K
}
Event: 8.934 GC heap before
{Heap before GC invocations=74 (full 3):
 PSYoungGen      total 12800K, used 12576K [0x00000000eab00000, 0x00000000eb900000, 0x0000000100000000)
  eden space 11264K, 100% used [0x00000000eab00000,0x00000000eb600000,0x00000000eb600000)
  from space 1536K, 85% used [0x00000000eb780000,0x00000000eb8c8000,0x00000000eb900000)
  to   space 1536K, 0% used [0x00000000eb600000,0x00000000eb600000,0x00000000eb780000)
 ParOldGen       total 86528K, used 86494K [0x00000000c0000000, 0x00000000c5480000, 0x00000000eab00000)
  object space 86528K, 99% used [0x00000000c0000000,0x00000000c54778e0,0x00000000c5480000)
 Metaspace       used 58800K, committed 59968K, reserved 1114112K
  class space    used 6181K, committed 6656K, reserved 1048576K
}
Event: 8.937 GC heap after
{Heap after GC invocations=74 (full 3):
 PSYoungGen      total 12800K, used 1280K [0x00000000eab00000, 0x00000000eb900000, 0x0000000100000000)
  eden space 11264K, 0% used [0x00000000eab00000,0x00000000eab00000,0x00000000eb600000)
  from space 1536K, 83% used [0x00000000eb600000,0x00000000eb740000,0x00000000eb780000)
  to   space 1536K, 0% used [0x00000000eb780000,0x00000000eb780000,0x00000000eb900000)
 ParOldGen       total 88064K, used 87670K [0x00000000c0000000, 0x00000000c5600000, 0x00000000eab00000)
  object space 88064K, 99% used [0x00000000c0000000,0x00000000c559d8e0,0x00000000c5600000)
 Metaspace       used 58800K, committed 59968K, reserved 1114112K
  class space    used 6181K, committed 6656K, reserved 1048576K
}
Event: 8.980 GC heap before
{Heap before GC invocations=75 (full 3):
 PSYoungGen      total 12800K, used 12544K [0x00000000eab00000, 0x00000000eb900000, 0x0000000100000000)
  eden space 11264K, 100% used [0x00000000eab00000,0x00000000eb600000,0x00000000eb600000)
  from space 1536K, 83% used [0x00000000eb600000,0x00000000eb740000,0x00000000eb780000)
  to   space 1536K, 0% used [0x00000000eb780000,0x00000000eb780000,0x00000000eb900000)
 ParOldGen       total 88064K, used 87670K [0x00000000c0000000, 0x00000000c5600000, 0x00000000eab00000)
  object space 88064K, 99% used [0x00000000c0000000,0x00000000c559d8e0,0x00000000c5600000)
 Metaspace       used 58807K, committed 59968K, reserved 1114112K
  class space    used 6183K, committed 6656K, reserved 1048576K
}
Event: 8.982 GC heap after
{Heap after GC invocations=75 (full 3):
 PSYoungGen      total 12800K, used 1399K [0x00000000eab00000, 0x00000000eb900000, 0x0000000100000000)
  eden space 11264K, 0% used [0x00000000eab00000,0x00000000eab00000,0x00000000eb600000)
  from space 1536K, 91% used [0x00000000eb780000,0x00000000eb8ddda0,0x00000000eb900000)
  to   space 1536K, 0% used [0x00000000eb600000,0x00000000eb600000,0x00000000eb780000)
 ParOldGen       total 89088K, used 88838K [0x00000000c0000000, 0x00000000c5700000, 0x00000000eab00000)
  object space 89088K, 99% used [0x00000000c0000000,0x00000000c56c18e0,0x00000000c5700000)
 Metaspace       used 58807K, committed 59968K, reserved 1114112K
  class space    used 6183K, committed 6656K, reserved 1048576K
}
Event: 9.016 GC heap before
{Heap before GC invocations=76 (full 3):
 PSYoungGen      total 12800K, used 12663K [0x00000000eab00000, 0x00000000eb900000, 0x0000000100000000)
  eden space 11264K, 100% used [0x00000000eab00000,0x00000000eb600000,0x00000000eb600000)
  from space 1536K, 91% used [0x00000000eb780000,0x00000000eb8ddda0,0x00000000eb900000)
  to   space 1536K, 0% used [0x00000000eb600000,0x00000000eb600000,0x00000000eb780000)
 ParOldGen       total 89088K, used 88838K [0x00000000c0000000, 0x00000000c5700000, 0x00000000eab00000)
  object space 89088K, 99% used [0x00000000c0000000,0x00000000c56c18e0,0x00000000c5700000)
 Metaspace       used 58866K, committed 59968K, reserved 1114112K
  class space    used 6188K, committed 6656K, reserved 1048576K
}
Event: 9.017 GC heap after
{Heap after GC invocations=76 (full 3):
 PSYoungGen      total 12800K, used 1280K [0x00000000eab00000, 0x00000000eb900000, 0x0000000100000000)
  eden space 11264K, 0% used [0x00000000eab00000,0x00000000eab00000,0x00000000eb600000)
  from space 1536K, 83% used [0x00000000eb600000,0x00000000eb740020,0x00000000eb780000)
  to   space 1536K, 0% used [0x00000000eb780000,0x00000000eb780000,0x00000000eb900000)
 ParOldGen       total 90112K, used 89974K [0x00000000c0000000, 0x00000000c5800000, 0x00000000eab00000)
  object space 90112K, 99% used [0x00000000c0000000,0x00000000c57dd8e0,0x00000000c5800000)
 Metaspace       used 58866K, committed 59968K, reserved 1114112K
  class space    used 6188K, committed 6656K, reserved 1048576K
}
Event: 9.042 GC heap before
{Heap before GC invocations=77 (full 3):
 PSYoungGen      total 12800K, used 12544K [0x00000000eab00000, 0x00000000eb900000, 0x0000000100000000)
  eden space 11264K, 100% used [0x00000000eab00000,0x00000000eb600000,0x00000000eb600000)
  from space 1536K, 83% used [0x00000000eb600000,0x00000000eb740020,0x00000000eb780000)
  to   space 1536K, 0% used [0x00000000eb780000,0x00000000eb780000,0x00000000eb900000)
 ParOldGen       total 90112K, used 89974K [0x00000000c0000000, 0x00000000c5800000, 0x00000000eab00000)
  object space 90112K, 99% used [0x00000000c0000000,0x00000000c57dd8e0,0x00000000c5800000)
 Metaspace       used 58869K, committed 59968K, reserved 1114112K
  class space    used 6188K, committed 6656K, reserved 1048576K
}
Event: 9.043 GC heap after
{Heap after GC invocations=77 (full 3):
 PSYoungGen      total 12800K, used 864K [0x00000000eab00000, 0x00000000eb900000, 0x0000000100000000)
  eden space 11264K, 0% used [0x00000000eab00000,0x00000000eab00000,0x00000000eb600000)
  from space 1536K, 56% used [0x00000000eb780000,0x00000000eb858000,0x00000000eb900000)
  to   space 1536K, 0% used [0x00000000eb600000,0x00000000eb600000,0x00000000eb780000)
 ParOldGen       total 91136K, used 91092K [0x00000000c0000000, 0x00000000c5900000, 0x00000000eab00000)
  object space 91136K, 99% used [0x00000000c0000000,0x00000000c58f5180,0x00000000c5900000)
 Metaspace       used 58869K, committed 59968K, reserved 1114112K
  class space    used 6188K, committed 6656K, reserved 1048576K
}

