# JRE version: OpenJDK Runtime Environment Temurin-21.0.6+7 (21.0.6+7) (build 21.0.6+7-LTS)
# Java VM: OpenJDK 64-Bit Server VM Temurin-21.0.6+7 (21.0.6+7-LTS, mixed mode, sharing, tiered, compressed oops, compressed class ptrs, parallel gc, windows-amd64)
GC Precious Log:
 CardTable entry size: 512
 CPUs: 12 total, 12 available
 Memory: 5989M
 Large Page Support: Disabled
 NUMA Support: Disabled
 Compressed Oops: Enabled (32-bit)
 Alignments: Space 512K, Generation 512K, Heap 2M
 Heap Min Capacity: 100M
 Heap Initial Capacity: 100M
 Heap Max Capacity: 1G
 Pre-touch: Disabled
 Parallel Workers: 10
Heap:
 PSYoungGen      total 17920K, used 17808K [0x00000000eab00000, 0x00000000ebf00000, 0x0000000100000000)
  eden space 16384K, 100% used [0x00000000eab00000,0x00000000ebb00000,0x00000000ebb00000)
  from space 1536K, 92% used [0x00000000ebb80000,0x00000000ebce4090,0x00000000ebd00000)
  to   space 2048K, 99% used [0x00000000ebd00000,0x00000000ebeff750,0x00000000ebf00000)
 ParOldGen       total 78848K, used 78602K [0x00000000c0000000, 0x00000000c4d00000, 0x00000000eab00000)
  object space 78848K, 99% used [0x00000000c0000000,0x00000000c4cc2950,0x00000000c4d00000)
 Metaspace       used 51129K, committed 52352K, reserved 1114112K
  class space    used 5356K, committed 5888K, reserved 1048576K
GC Heap History (20 events):
Event: 5.766 GC heap before
{Heap before GC invocations=37 (full 2):
 PSYoungGen      total 18944K, used 18688K [0x00000000eab00000, 0x00000000ebf80000, 0x0000000100000000)
  eden space 16896K, 100% used [0x00000000eab00000,0x00000000ebb80000,0x00000000ebb80000)
  from space 2048K, 87% used [0x00000000ebd80000,0x00000000ebf40000,0x00000000ebf80000)
  to   space 2048K, 0% used [0x00000000ebb80000,0x00000000ebb80000,0x00000000ebd80000)
 ParOldGen       total 68608K, used 57090K [0x00000000c0000000, 0x00000000c4300000, 0x00000000eab00000)
  object space 68608K, 83% used [0x00000000c0000000,0x00000000c37c0ae0,0x00000000c4300000)
 Metaspace       used 49418K, committed 50560K, reserved 1114112K
  class space    used 5227K, committed 5696K, reserved 1048576K
}
Event: 5.768 GC heap after
{Heap after GC invocations=37 (full 2):
 PSYoungGen      total 18944K, used 1824K [0x00000000eab00000, 0x00000000ebf80000, 0x0000000100000000)
  eden space 16896K, 0% used [0x00000000eab00000,0x00000000eab00000,0x00000000ebb80000)
  from space 2048K, 89% used [0x00000000ebb80000,0x00000000ebd48000,0x00000000ebd80000)
  to   space 2048K, 0% used [0x00000000ebd80000,0x00000000ebd80000,0x00000000ebf80000)
 ParOldGen       total 68608K, used 58730K [0x00000000c0000000, 0x00000000c4300000, 0x00000000eab00000)
  object space 68608K, 85% used [0x00000000c0000000,0x00000000c395aae0,0x00000000c4300000)
 Metaspace       used 49418K, committed 50560K, reserved 1114112K
  class space    used 5227K, committed 5696K, reserved 1048576K
}
Event: 5.802 GC heap before
{Heap before GC invocations=38 (full 2):
 PSYoungGen      total 18944K, used 18720K [0x00000000eab00000, 0x00000000ebf80000, 0x0000000100000000)
  eden space 16896K, 100% used [0x00000000eab00000,0x00000000ebb80000,0x00000000ebb80000)
  from space 2048K, 89% used [0x00000000ebb80000,0x00000000ebd48000,0x00000000ebd80000)
  to   space 2048K, 0% used [0x00000000ebd80000,0x00000000ebd80000,0x00000000ebf80000)
 ParOldGen       total 68608K, used 58730K [0x00000000c0000000, 0x00000000c4300000, 0x00000000eab00000)
  object space 68608K, 85% used [0x00000000c0000000,0x00000000c395aae0,0x00000000c4300000)
 Metaspace       used 49585K, committed 50752K, reserved 1114112K
  class space    used 5242K, committed 5760K, reserved 1048576K
}
Event: 5.804 GC heap after
{Heap after GC invocations=38 (full 2):
 PSYoungGen      total 18432K, used 2016K [0x00000000eab00000, 0x00000000ec080000, 0x0000000100000000)
  eden space 16384K, 0% used [0x00000000eab00000,0x00000000eab00000,0x00000000ebb00000)
  from space 2048K, 98% used [0x00000000ebd80000,0x00000000ebf78000,0x00000000ebf80000)
  to   space 2560K, 0% used [0x00000000ebb00000,0x00000000ebb00000,0x00000000ebd80000)
 ParOldGen       total 68608K, used 60394K [0x00000000c0000000, 0x00000000c4300000, 0x00000000eab00000)
  object space 68608K, 88% used [0x00000000c0000000,0x00000000c3afaae0,0x00000000c4300000)
 Metaspace       used 49585K, committed 50752K, reserved 1114112K
  class space    used 5242K, committed 5760K, reserved 1048576K
}
Event: 5.842 GC heap before
{Heap before GC invocations=39 (full 2):
 PSYoungGen      total 18432K, used 18400K [0x00000000eab00000, 0x00000000ec080000, 0x0000000100000000)
  eden space 16384K, 100% used [0x00000000eab00000,0x00000000ebb00000,0x00000000ebb00000)
  from space 2048K, 98% used [0x00000000ebd80000,0x00000000ebf78000,0x00000000ebf80000)
  to   space 2560K, 0% used [0x00000000ebb00000,0x00000000ebb00000,0x00000000ebd80000)
 ParOldGen       total 68608K, used 60394K [0x00000000c0000000, 0x00000000c4300000, 0x00000000eab00000)
  object space 68608K, 88% used [0x00000000c0000000,0x00000000c3afaae0,0x00000000c4300000)
 Metaspace       used 49642K, committed 50816K, reserved 1114112K
  class space    used 5250K, committed 5760K, reserved 1048576K
}
Event: 5.844 GC heap after
{Heap after GC invocations=39 (full 2):
 PSYoungGen      total 18432K, used 1952K [0x00000000eab00000, 0x00000000ebf00000, 0x0000000100000000)
  eden space 16384K, 0% used [0x00000000eab00000,0x00000000eab00000,0x00000000ebb00000)
  from space 2048K, 95% used [0x00000000ebb00000,0x00000000ebce8000,0x00000000ebd00000)
  to   space 2048K, 0% used [0x00000000ebd00000,0x00000000ebd00000,0x00000000ebf00000)
 ParOldGen       total 68608K, used 62154K [0x00000000c0000000, 0x00000000c4300000, 0x00000000eab00000)
  object space 68608K, 90% used [0x00000000c0000000,0x00000000c3cb2ae0,0x00000000c4300000)
 Metaspace       used 49642K, committed 50816K, reserved 1114112K
  class space    used 5250K, committed 5760K, reserved 1048576K
}
Event: 5.876 GC heap before
{Heap before GC invocations=40 (full 2):
 PSYoungGen      total 18432K, used 18336K [0x00000000eab00000, 0x00000000ebf00000, 0x0000000100000000)
  eden space 16384K, 100% used [0x00000000eab00000,0x00000000ebb00000,0x00000000ebb00000)
  from space 2048K, 95% used [0x00000000ebb00000,0x00000000ebce8000,0x00000000ebd00000)
  to   space 2048K, 0% used [0x00000000ebd00000,0x00000000ebd00000,0x00000000ebf00000)
 ParOldGen       total 68608K, used 62154K [0x00000000c0000000, 0x00000000c4300000, 0x00000000eab00000)
  object space 68608K, 90% used [0x00000000c0000000,0x00000000c3cb2ae0,0x00000000c4300000)
 Metaspace       used 49786K, committed 50944K, reserved 1114112K
  class space    used 5259K, committed 5760K, reserved 1048576K
}
Event: 5.878 GC heap after
{Heap after GC invocations=40 (full 2):
 PSYoungGen      total 18432K, used 1952K [0x00000000eab00000, 0x00000000ebf00000, 0x0000000100000000)
  eden space 16384K, 0% used [0x00000000eab00000,0x00000000eab00000,0x00000000ebb00000)
  from space 2048K, 95% used [0x00000000ebd00000,0x00000000ebee8000,0x00000000ebf00000)
  to   space 2048K, 0% used [0x00000000ebb00000,0x00000000ebb00000,0x00000000ebd00000)
 ParOldGen       total 68608K, used 63922K [0x00000000c0000000, 0x00000000c4300000, 0x00000000eab00000)
  object space 68608K, 93% used [0x00000000c0000000,0x00000000c3e6cae0,0x00000000c4300000)
 Metaspace       used 49786K, committed 50944K, reserved 1114112K
  class space    used 5259K, committed 5760K, reserved 1048576K
}
Event: 5.917 GC heap before
{Heap before GC invocations=41 (full 2):
 PSYoungGen      total 18432K, used 18325K [0x00000000eab00000, 0x00000000ebf00000, 0x0000000100000000)
  eden space 16384K, 99% used [0x00000000eab00000,0x00000000ebafd4f8,0x00000000ebb00000)
  from space 2048K, 95% used [0x00000000ebd00000,0x00000000ebee8000,0x00000000ebf00000)
  to   space 2048K, 0% used [0x00000000ebb00000,0x00000000ebb00000,0x00000000ebd00000)
 ParOldGen       total 68608K, used 63922K [0x00000000c0000000, 0x00000000c4300000, 0x00000000eab00000)
  object space 68608K, 93% used [0x00000000c0000000,0x00000000c3e6cae0,0x00000000c4300000)
 Metaspace       used 50146K, committed 51328K, reserved 1114112K
  class space    used 5290K, committed 5824K, reserved 1048576K
}
Event: 5.919 GC heap after
{Heap after GC invocations=41 (full 2):
 PSYoungGen      total 18432K, used 1856K [0x00000000eab00000, 0x00000000ebf00000, 0x0000000100000000)
  eden space 16384K, 0% used [0x00000000eab00000,0x00000000eab00000,0x00000000ebb00000)
  from space 2048K, 90% used [0x00000000ebb00000,0x00000000ebcd0000,0x00000000ebd00000)
  to   space 2048K, 0% used [0x00000000ebd00000,0x00000000ebd00000,0x00000000ebf00000)
 ParOldGen       total 68608K, used 65626K [0x00000000c0000000, 0x00000000c4300000, 0x00000000eab00000)
  object space 68608K, 95% used [0x00000000c0000000,0x00000000c4016ae0,0x00000000c4300000)
 Metaspace       used 50146K, committed 51328K, reserved 1114112K
  class space    used 5290K, committed 5824K, reserved 1048576K
}
Event: 5.953 GC heap before
{Heap before GC invocations=42 (full 2):
 PSYoungGen      total 18432K, used 18240K [0x00000000eab00000, 0x00000000ebf00000, 0x0000000100000000)
  eden space 16384K, 100% used [0x00000000eab00000,0x00000000ebb00000,0x00000000ebb00000)
  from space 2048K, 90% used [0x00000000ebb00000,0x00000000ebcd0000,0x00000000ebd00000)
  to   space 2048K, 0% used [0x00000000ebd00000,0x00000000ebd00000,0x00000000ebf00000)
 ParOldGen       total 68608K, used 65626K [0x00000000c0000000, 0x00000000c4300000, 0x00000000eab00000)
  object space 68608K, 95% used [0x00000000c0000000,0x00000000c4016ae0,0x00000000c4300000)
 Metaspace       used 50593K, committed 51712K, reserved 1114112K
  class space    used 5310K, committed 5824K, reserved 1048576K
}
Event: 5.957 GC heap after
{Heap after GC invocations=42 (full 2):
 PSYoungGen      total 18432K, used 1543K [0x00000000eab00000, 0x00000000ebf00000, 0x0000000100000000)
  eden space 16384K, 0% used [0x00000000eab00000,0x00000000eab00000,0x00000000ebb00000)
  from space 2048K, 75% used [0x00000000ebd00000,0x00000000ebe81d90,0x00000000ebf00000)
  to   space 2048K, 0% used [0x00000000ebb00000,0x00000000ebb00000,0x00000000ebd00000)
 ParOldGen       total 69120K, used 69002K [0x00000000c0000000, 0x00000000c4380000, 0x00000000eab00000)
  object space 69120K, 99% used [0x00000000c0000000,0x00000000c4362ae8,0x00000000c4380000)
 Metaspace       used 50593K, committed 51712K, reserved 1114112K
  class space    used 5310K, committed 5824K, reserved 1048576K
}
Event: 5.991 GC heap before
{Heap before GC invocations=43 (full 2):
 PSYoungGen      total 18432K, used 17901K [0x00000000eab00000, 0x00000000ebf00000, 0x0000000100000000)
  eden space 16384K, 99% used [0x00000000eab00000,0x00000000ebaf9a68,0x00000000ebb00000)
  from space 2048K, 75% used [0x00000000ebd00000,0x00000000ebe81d90,0x00000000ebf00000)
  to   space 2048K, 0% used [0x00000000ebb00000,0x00000000ebb00000,0x00000000ebd00000)
 ParOldGen       total 69120K, used 69002K [0x00000000c0000000, 0x00000000c4380000, 0x00000000eab00000)
  object space 69120K, 99% used [0x00000000c0000000,0x00000000c4362ae8,0x00000000c4380000)
 Metaspace       used 50733K, committed 51840K, reserved 1114112K
  class space    used 5326K, committed 5824K, reserved 1048576K
}
Event: 5.994 GC heap after
{Heap after GC invocations=43 (full 2):
 PSYoungGen      total 18432K, used 2033K [0x00000000eab00000, 0x00000000ec400000, 0x0000000100000000)
  eden space 16384K, 0% used [0x00000000eab00000,0x00000000eab00000,0x00000000ebb00000)
  from space 2048K, 99% used [0x00000000ebb00000,0x00000000ebcfc7f8,0x00000000ebd00000)
  to   space 4608K, 0% used [0x00000000ebf80000,0x00000000ebf80000,0x00000000ec400000)
 ParOldGen       total 71168K, used 71027K [0x00000000c0000000, 0x00000000c4580000, 0x00000000eab00000)
  object space 71168K, 99% used [0x00000000c0000000,0x00000000c455ce80,0x00000000c4580000)
 Metaspace       used 50733K, committed 51840K, reserved 1114112K
  class space    used 5326K, committed 5824K, reserved 1048576K
}
Event: 6.024 GC heap before
{Heap before GC invocations=44 (full 2):
 PSYoungGen      total 18432K, used 18417K [0x00000000eab00000, 0x00000000ec400000, 0x0000000100000000)
  eden space 16384K, 100% used [0x00000000eab00000,0x00000000ebb00000,0x00000000ebb00000)
  from space 2048K, 99% used [0x00000000ebb00000,0x00000000ebcfc7f8,0x00000000ebd00000)
  to   space 4608K, 0% used [0x00000000ebf80000,0x00000000ebf80000,0x00000000ec400000)
 ParOldGen       total 71168K, used 71027K [0x00000000c0000000, 0x00000000c4580000, 0x00000000eab00000)
  object space 71168K, 99% used [0x00000000c0000000,0x00000000c455ce80,0x00000000c4580000)
 Metaspace       used 50838K, committed 51968K, reserved 1114112K
  class space    used 5338K, committed 5824K, reserved 1048576K
}
Event: 6.027 GC heap after
{Heap after GC invocations=44 (full 2):
 PSYoungGen      total 18432K, used 1856K [0x00000000eab00000, 0x00000000ec180000, 0x0000000100000000)
  eden space 16384K, 0% used [0x00000000eab00000,0x00000000eab00000,0x00000000ebb00000)
  from space 2048K, 90% used [0x00000000ebf80000,0x00000000ec150000,0x00000000ec180000)
  to   space 3072K, 0% used [0x00000000ebb80000,0x00000000ebb80000,0x00000000ebe80000)
 ParOldGen       total 73216K, used 73006K [0x00000000c0000000, 0x00000000c4780000, 0x00000000eab00000)
  object space 73216K, 99% used [0x00000000c0000000,0x00000000c474ba30,0x00000000c4780000)
 Metaspace       used 50838K, committed 51968K, reserved 1114112K
  class space    used 5338K, committed 5824K, reserved 1048576K
}
Event: 6.055 GC heap before
{Heap before GC invocations=45 (full 2):
 PSYoungGen      total 18432K, used 18240K [0x00000000eab00000, 0x00000000ec180000, 0x0000000100000000)
  eden space 16384K, 100% used [0x00000000eab00000,0x00000000ebb00000,0x00000000ebb00000)
  from space 2048K, 90% used [0x00000000ebf80000,0x00000000ec150000,0x00000000ec180000)
  to   space 3072K, 0% used [0x00000000ebb80000,0x00000000ebb80000,0x00000000ebe80000)
 ParOldGen       total 73216K, used 73006K [0x00000000c0000000, 0x00000000c4780000, 0x00000000eab00000)
  object space 73216K, 99% used [0x00000000c0000000,0x00000000c474ba30,0x00000000c4780000)
 Metaspace       used 51098K, committed 52288K, reserved 1114112K
  class space    used 5356K, committed 5888K, reserved 1048576K
}
Event: 6.059 GC heap after
{Heap after GC invocations=45 (full 2):
 PSYoungGen      total 19456K, used 3000K [0x00000000eab00000, 0x00000000ec200000, 0x0000000100000000)
  eden space 16384K, 0% used [0x00000000eab00000,0x00000000eab00000,0x00000000ebb00000)
  from space 3072K, 97% used [0x00000000ebb80000,0x00000000ebe6e230,0x00000000ebe80000)
  to   space 3584K, 0% used [0x00000000ebe80000,0x00000000ebe80000,0x00000000ec200000)
 ParOldGen       total 74752K, used 74638K [0x00000000c0000000, 0x00000000c4900000, 0x00000000eab00000)
  object space 74752K, 99% used [0x00000000c0000000,0x00000000c48e3a30,0x00000000c4900000)
 Metaspace       used 51098K, committed 52288K, reserved 1114112K
  class space    used 5356K, committed 5888K, reserved 1048576K
}
Event: 6.081 GC heap before
{Heap before GC invocations=46 (full 2):
 PSYoungGen      total 19456K, used 19384K [0x00000000eab00000, 0x00000000ec200000, 0x0000000100000000)
  eden space 16384K, 100% used [0x00000000eab00000,0x00000000ebb00000,0x00000000ebb00000)
  from space 3072K, 97% used [0x00000000ebb80000,0x00000000ebe6e230,0x00000000ebe80000)
  to   space 3584K, 0% used [0x00000000ebe80000,0x00000000ebe80000,0x00000000ec200000)
 ParOldGen       total 74752K, used 74638K [0x00000000c0000000, 0x00000000c4900000, 0x00000000eab00000)
  object space 74752K, 99% used [0x00000000c0000000,0x00000000c48e3a30,0x00000000c4900000)
 Metaspace       used 51109K, committed 52288K, reserved 1114112K
  class space    used 5356K, committed 5888K, reserved 1048576K
}
Event: 6.084 GC heap after
{Heap after GC invocations=46 (full 2):
 PSYoungGen      total 18432K, used 1630K [0x00000000eab00000, 0x00000000ec080000, 0x0000000100000000)
  eden space 16384K, 0% used [0x00000000eab00000,0x00000000eab00000,0x00000000ebb00000)
  from space 2048K, 79% used [0x00000000ebe80000,0x00000000ec0179a0,0x00000000ec080000)
  to   space 2560K, 0% used [0x00000000ebb80000,0x00000000ebb80000,0x00000000ebe00000)
 ParOldGen       total 76800K, used 76690K [0x00000000c0000000, 0x00000000c4b00000, 0x00000000eab00000)
  object space 76800K, 99% used [0x00000000c0000000,0x00000000c4ae4950,0x00000000c4b00000)
 Metaspace       used 51109K, committed 52288K, reserved 1114112K
  class space    used 5356K, committed 5888K, reserved 1048576K
}

