# JRE version: OpenJDK Runtime Environment Temurin-21.0.6+7 (21.0.6+7) (build 21.0.6+7-LTS)
# Java VM: OpenJDK 64-Bit Server VM Temurin-21.0.6+7 (21.0.6+7-LTS, mixed mode, sharing, tiered, compressed oops, compressed class ptrs, parallel gc, windows-amd64)
GC Precious Log:
 CardTable entry size: 512
 CPUs: 12 total, 12 available
 Memory: 5989M
 Large Page Support: Disabled
 NUMA Support: Disabled
 Compressed Oops: Enabled (32-bit)
 Alignments: Space 512K, Generation 512K, Heap 2M
 Heap Min Capacity: 100M
 Heap Initial Capacity: 100M
 Heap Max Capacity: 1G
 Pre-touch: Disabled
 Parallel Workers: 10
Heap:
 PSYoungGen      total 17920K, used 13885K [0x00000000eab00000, 0x00000000ebe80000, 0x0000000100000000)
  eden space 15872K, 76% used [0x00000000eab00000,0x00000000eb6cf788,0x00000000eba80000)
  from space 2048K, 87% used [0x00000000eba80000,0x00000000ebc40000,0x00000000ebc80000)
  to   space 2048K, 0% used [0x00000000ebc80000,0x00000000ebc80000,0x00000000ebe80000)
 ParOldGen       total 93184K, used 93086K [0x00000000c0000000, 0x00000000c5b00000, 0x00000000eab00000)
  object space 93184K, 99% used [0x00000000c0000000,0x00000000c5ae7ab8,0x00000000c5b00000)
 Metaspace       used 54075K, committed 55232K, reserved 1114112K
  class space    used 5624K, committed 6080K, reserved 1048576K
GC Heap History (20 events):
Event: 6.277 GC heap before
{Heap before GC invocations=49 (full 2):
 PSYoungGen      total 17920K, used 17553K [0x00000000eab00000, 0x00000000ec180000, 0x0000000100000000)
  eden space 15872K, 99% used [0x00000000eab00000,0x00000000eba79f60,0x00000000eba80000)
  from space 2048K, 83% used [0x00000000ebf80000,0x00000000ec12a658,0x00000000ec180000)
  to   space 2048K, 0% used [0x00000000ebd80000,0x00000000ebd80000,0x00000000ebf80000)
 ParOldGen       total 77312K, used 77102K [0x00000000c0000000, 0x00000000c4b80000, 0x00000000eab00000)
  object space 77312K, 99% used [0x00000000c0000000,0x00000000c4b4b888,0x00000000c4b80000)
 Metaspace       used 51110K, committed 52288K, reserved 1114112K
  class space    used 5358K, committed 5824K, reserved 1048576K
}
Event: 6.279 GC heap after
{Heap after GC invocations=49 (full 2):
 PSYoungGen      total 17408K, used 1089K [0x00000000eab00000, 0x00000000ec000000, 0x0000000100000000)
  eden space 15872K, 0% used [0x00000000eab00000,0x00000000eab00000,0x00000000eba80000)
  from space 1536K, 70% used [0x00000000ebd80000,0x00000000ebe90590,0x00000000ebf00000)
  to   space 1024K, 0% used [0x00000000ebf00000,0x00000000ebf00000,0x00000000ec000000)
 ParOldGen       total 78336K, used 77950K [0x00000000c0000000, 0x00000000c4c80000, 0x00000000eab00000)
  object space 78336K, 99% used [0x00000000c0000000,0x00000000c4c1f888,0x00000000c4c80000)
 Metaspace       used 51110K, committed 52288K, reserved 1114112K
  class space    used 5358K, committed 5824K, reserved 1048576K
}
Event: 6.321 GC heap before
{Heap before GC invocations=50 (full 2):
 PSYoungGen      total 17408K, used 16961K [0x00000000eab00000, 0x00000000ec000000, 0x0000000100000000)
  eden space 15872K, 100% used [0x00000000eab00000,0x00000000eba80000,0x00000000eba80000)
  from space 1536K, 70% used [0x00000000ebd80000,0x00000000ebe90590,0x00000000ebf00000)
  to   space 1024K, 0% used [0x00000000ebf00000,0x00000000ebf00000,0x00000000ec000000)
 ParOldGen       total 78336K, used 77952K [0x00000000c0000000, 0x00000000c4c80000, 0x00000000eab00000)
  object space 78336K, 99% used [0x00000000c0000000,0x00000000c4c20018,0x00000000c4c80000)
 Metaspace       used 51696K, committed 52928K, reserved 1114112K
  class space    used 5408K, committed 5888K, reserved 1048576K
}
Event: 6.324 GC heap after
{Heap after GC invocations=50 (full 2):
 PSYoungGen      total 16896K, used 1024K [0x00000000eab00000, 0x00000000ec000000, 0x0000000100000000)
  eden space 15872K, 0% used [0x00000000eab00000,0x00000000eab00000,0x00000000eba80000)
  from space 1024K, 100% used [0x00000000ebf00000,0x00000000ec000000,0x00000000ec000000)
  to   space 2560K, 0% used [0x00000000ebb00000,0x00000000ebb00000,0x00000000ebd80000)
 ParOldGen       total 79360K, used 78904K [0x00000000c0000000, 0x00000000c4d80000, 0x00000000eab00000)
  object space 79360K, 99% used [0x00000000c0000000,0x00000000c4d0e018,0x00000000c4d80000)
 Metaspace       used 51696K, committed 52928K, reserved 1114112K
  class space    used 5408K, committed 5888K, reserved 1048576K
}
Event: 6.366 GC heap before
{Heap before GC invocations=51 (full 2):
 PSYoungGen      total 16896K, used 16896K [0x00000000eab00000, 0x00000000ec000000, 0x0000000100000000)
  eden space 15872K, 100% used [0x00000000eab00000,0x00000000eba80000,0x00000000eba80000)
  from space 1024K, 100% used [0x00000000ebf00000,0x00000000ec000000,0x00000000ec000000)
  to   space 2560K, 0% used [0x00000000ebb00000,0x00000000ebb00000,0x00000000ebd80000)
 ParOldGen       total 79360K, used 78926K [0x00000000c0000000, 0x00000000c4d80000, 0x00000000eab00000)
  object space 79360K, 99% used [0x00000000c0000000,0x00000000c4d13a68,0x00000000c4d80000)
 Metaspace       used 52175K, committed 53312K, reserved 1114112K
  class space    used 5453K, committed 5888K, reserved 1048576K
}
Event: 6.369 GC heap after
{Heap after GC invocations=51 (full 2):
 PSYoungGen      total 18432K, used 1600K [0x00000000eab00000, 0x00000000ebf80000, 0x0000000100000000)
  eden space 15872K, 0% used [0x00000000eab00000,0x00000000eab00000,0x00000000eba80000)
  from space 2560K, 62% used [0x00000000ebb00000,0x00000000ebc90010,0x00000000ebd80000)
  to   space 2048K, 0% used [0x00000000ebd80000,0x00000000ebd80000,0x00000000ebf80000)
 ParOldGen       total 80384K, used 79934K [0x00000000c0000000, 0x00000000c4e80000, 0x00000000eab00000)
  object space 80384K, 99% used [0x00000000c0000000,0x00000000c4e0fa68,0x00000000c4e80000)
 Metaspace       used 52175K, committed 53312K, reserved 1114112K
  class space    used 5453K, committed 5888K, reserved 1048576K
}
Event: 6.424 GC heap before
{Heap before GC invocations=52 (full 2):
 PSYoungGen      total 18432K, used 17472K [0x00000000eab00000, 0x00000000ebf80000, 0x0000000100000000)
  eden space 15872K, 100% used [0x00000000eab00000,0x00000000eba80000,0x00000000eba80000)
  from space 2560K, 62% used [0x00000000ebb00000,0x00000000ebc90010,0x00000000ebd80000)
  to   space 2048K, 0% used [0x00000000ebd80000,0x00000000ebd80000,0x00000000ebf80000)
 ParOldGen       total 80384K, used 79934K [0x00000000c0000000, 0x00000000c4e80000, 0x00000000eab00000)
  object space 80384K, 99% used [0x00000000c0000000,0x00000000c4e0fa68,0x00000000c4e80000)
 Metaspace       used 52565K, committed 53760K, reserved 1114112K
  class space    used 5475K, committed 5952K, reserved 1048576K
}
Event: 6.427 GC heap after
{Heap after GC invocations=52 (full 2):
 PSYoungGen      total 17920K, used 2016K [0x00000000eab00000, 0x00000000ebf80000, 0x0000000100000000)
  eden space 15872K, 0% used [0x00000000eab00000,0x00000000eab00000,0x00000000eba80000)
  from space 2048K, 98% used [0x00000000ebd80000,0x00000000ebf78020,0x00000000ebf80000)
  to   space 2560K, 0% used [0x00000000eba80000,0x00000000eba80000,0x00000000ebd00000)
 ParOldGen       total 81408K, used 81294K [0x00000000c0000000, 0x00000000c4f80000, 0x00000000eab00000)
  object space 81408K, 99% used [0x00000000c0000000,0x00000000c4f63a68,0x00000000c4f80000)
 Metaspace       used 52565K, committed 53760K, reserved 1114112K
  class space    used 5475K, committed 5952K, reserved 1048576K
}
Event: 6.476 GC heap before
{Heap before GC invocations=53 (full 2):
 PSYoungGen      total 17920K, used 17888K [0x00000000eab00000, 0x00000000ebf80000, 0x0000000100000000)
  eden space 15872K, 100% used [0x00000000eab00000,0x00000000eba80000,0x00000000eba80000)
  from space 2048K, 98% used [0x00000000ebd80000,0x00000000ebf78020,0x00000000ebf80000)
  to   space 2560K, 0% used [0x00000000eba80000,0x00000000eba80000,0x00000000ebd00000)
 ParOldGen       total 81408K, used 81294K [0x00000000c0000000, 0x00000000c4f80000, 0x00000000eab00000)
  object space 81408K, 99% used [0x00000000c0000000,0x00000000c4f63a68,0x00000000c4f80000)
 Metaspace       used 52861K, committed 54016K, reserved 1114112K
  class space    used 5502K, committed 5952K, reserved 1048576K
}
Event: 6.479 GC heap after
{Heap after GC invocations=53 (full 2):
 PSYoungGen      total 17920K, used 1944K [0x00000000eab00000, 0x00000000ebe80000, 0x0000000100000000)
  eden space 15872K, 0% used [0x00000000eab00000,0x00000000eab00000,0x00000000eba80000)
  from space 2048K, 94% used [0x00000000eba80000,0x00000000ebc66010,0x00000000ebc80000)
  to   space 2048K, 0% used [0x00000000ebc80000,0x00000000ebc80000,0x00000000ebe80000)
 ParOldGen       total 83456K, used 83134K [0x00000000c0000000, 0x00000000c5180000, 0x00000000eab00000)
  object space 83456K, 99% used [0x00000000c0000000,0x00000000c512fa88,0x00000000c5180000)
 Metaspace       used 52861K, committed 54016K, reserved 1114112K
  class space    used 5502K, committed 5952K, reserved 1048576K
}
Event: 6.528 GC heap before
{Heap before GC invocations=54 (full 2):
 PSYoungGen      total 17920K, used 17816K [0x00000000eab00000, 0x00000000ebe80000, 0x0000000100000000)
  eden space 15872K, 100% used [0x00000000eab00000,0x00000000eba80000,0x00000000eba80000)
  from space 2048K, 94% used [0x00000000eba80000,0x00000000ebc66010,0x00000000ebc80000)
  to   space 2048K, 0% used [0x00000000ebc80000,0x00000000ebc80000,0x00000000ebe80000)
 ParOldGen       total 83456K, used 83134K [0x00000000c0000000, 0x00000000c5180000, 0x00000000eab00000)
  object space 83456K, 99% used [0x00000000c0000000,0x00000000c512fa88,0x00000000c5180000)
 Metaspace       used 53128K, committed 54336K, reserved 1114112K
  class space    used 5529K, committed 6016K, reserved 1048576K
}
Event: 6.531 GC heap after
{Heap after GC invocations=54 (full 2):
 PSYoungGen      total 17920K, used 1920K [0x00000000eab00000, 0x00000000ebe80000, 0x0000000100000000)
  eden space 15872K, 0% used [0x00000000eab00000,0x00000000eab00000,0x00000000eba80000)
  from space 2048K, 93% used [0x00000000ebc80000,0x00000000ebe60000,0x00000000ebe80000)
  to   space 2048K, 0% used [0x00000000eba80000,0x00000000eba80000,0x00000000ebc80000)
 ParOldGen       total 84992K, used 84846K [0x00000000c0000000, 0x00000000c5300000, 0x00000000eab00000)
  object space 84992K, 99% used [0x00000000c0000000,0x00000000c52dba98,0x00000000c5300000)
 Metaspace       used 53128K, committed 54336K, reserved 1114112K
  class space    used 5529K, committed 6016K, reserved 1048576K
}
Event: 6.576 GC heap before
{Heap before GC invocations=55 (full 2):
 PSYoungGen      total 17920K, used 17792K [0x00000000eab00000, 0x00000000ebe80000, 0x0000000100000000)
  eden space 15872K, 100% used [0x00000000eab00000,0x00000000eba80000,0x00000000eba80000)
  from space 2048K, 93% used [0x00000000ebc80000,0x00000000ebe60000,0x00000000ebe80000)
  to   space 2048K, 0% used [0x00000000eba80000,0x00000000eba80000,0x00000000ebc80000)
 ParOldGen       total 84992K, used 84846K [0x00000000c0000000, 0x00000000c5300000, 0x00000000eab00000)
  object space 84992K, 99% used [0x00000000c0000000,0x00000000c52dba98,0x00000000c5300000)
 Metaspace       used 53353K, committed 54528K, reserved 1114112K
  class space    used 5571K, committed 6080K, reserved 1048576K
}
Event: 6.579 GC heap after
{Heap after GC invocations=55 (full 2):
 PSYoungGen      total 17920K, used 1696K [0x00000000eab00000, 0x00000000ebe80000, 0x0000000100000000)
  eden space 15872K, 0% used [0x00000000eab00000,0x00000000eab00000,0x00000000eba80000)
  from space 2048K, 82% used [0x00000000eba80000,0x00000000ebc28000,0x00000000ebc80000)
  to   space 2048K, 0% used [0x00000000ebc80000,0x00000000ebc80000,0x00000000ebe80000)
 ParOldGen       total 87040K, used 86542K [0x00000000c0000000, 0x00000000c5500000, 0x00000000eab00000)
  object space 87040K, 99% used [0x00000000c0000000,0x00000000c5483a98,0x00000000c5500000)
 Metaspace       used 53353K, committed 54528K, reserved 1114112K
  class space    used 5571K, committed 6080K, reserved 1048576K
}
Event: 6.617 GC heap before
{Heap before GC invocations=56 (full 2):
 PSYoungGen      total 17920K, used 17567K [0x00000000eab00000, 0x00000000ebe80000, 0x0000000100000000)
  eden space 15872K, 99% used [0x00000000eab00000,0x00000000eba7fff0,0x00000000eba80000)
  from space 2048K, 82% used [0x00000000eba80000,0x00000000ebc28000,0x00000000ebc80000)
  to   space 2048K, 0% used [0x00000000ebc80000,0x00000000ebc80000,0x00000000ebe80000)
 ParOldGen       total 87040K, used 86542K [0x00000000c0000000, 0x00000000c5500000, 0x00000000eab00000)
  object space 87040K, 99% used [0x00000000c0000000,0x00000000c5483a98,0x00000000c5500000)
 Metaspace       used 53419K, committed 54656K, reserved 1114112K
  class space    used 5572K, committed 6080K, reserved 1048576K
}
Event: 6.623 GC heap after
{Heap after GC invocations=56 (full 2):
 PSYoungGen      total 17920K, used 1920K [0x00000000eab00000, 0x00000000ebe80000, 0x0000000100000000)
  eden space 15872K, 0% used [0x00000000eab00000,0x00000000eab00000,0x00000000eba80000)
  from space 2048K, 93% used [0x00000000ebc80000,0x00000000ebe60000,0x00000000ebe80000)
  to   space 2048K, 0% used [0x00000000eba80000,0x00000000eba80000,0x00000000ebc80000)
 ParOldGen       total 88064K, used 87982K [0x00000000c0000000, 0x00000000c5600000, 0x00000000eab00000)
  object space 88064K, 99% used [0x00000000c0000000,0x00000000c55eba98,0x00000000c5600000)
 Metaspace       used 53419K, committed 54656K, reserved 1114112K
  class space    used 5572K, committed 6080K, reserved 1048576K
}
Event: 6.715 GC heap before
{Heap before GC invocations=57 (full 2):
 PSYoungGen      total 17920K, used 17792K [0x00000000eab00000, 0x00000000ebe80000, 0x0000000100000000)
  eden space 15872K, 100% used [0x00000000eab00000,0x00000000eba80000,0x00000000eba80000)
  from space 2048K, 93% used [0x00000000ebc80000,0x00000000ebe60000,0x00000000ebe80000)
  to   space 2048K, 0% used [0x00000000eba80000,0x00000000eba80000,0x00000000ebc80000)
 ParOldGen       total 88064K, used 87982K [0x00000000c0000000, 0x00000000c5600000, 0x00000000eab00000)
  object space 88064K, 99% used [0x00000000c0000000,0x00000000c55eba98,0x00000000c5600000)
 Metaspace       used 53521K, committed 54720K, reserved 1114112K
  class space    used 5576K, committed 6080K, reserved 1048576K
}
Event: 6.719 GC heap after
{Heap after GC invocations=57 (full 2):
 PSYoungGen      total 17920K, used 2048K [0x00000000eab00000, 0x00000000ebf80000, 0x0000000100000000)
  eden space 15872K, 0% used [0x00000000eab00000,0x00000000eab00000,0x00000000eba80000)
  from space 2048K, 100% used [0x00000000eba80000,0x00000000ebc80000,0x00000000ebc80000)
  to   space 2560K, 0% used [0x00000000ebd00000,0x00000000ebd00000,0x00000000ebf80000)
 ParOldGen       total 90112K, used 89698K [0x00000000c0000000, 0x00000000c5800000, 0x00000000eab00000)
  object space 90112K, 99% used [0x00000000c0000000,0x00000000c5798aa8,0x00000000c5800000)
 Metaspace       used 53521K, committed 54720K, reserved 1114112K
  class space    used 5576K, committed 6080K, reserved 1048576K
}
Event: 6.753 GC heap before
{Heap before GC invocations=58 (full 2):
 PSYoungGen      total 17920K, used 17920K [0x00000000eab00000, 0x00000000ebf80000, 0x0000000100000000)
  eden space 15872K, 100% used [0x00000000eab00000,0x00000000eba80000,0x00000000eba80000)
  from space 2048K, 100% used [0x00000000eba80000,0x00000000ebc80000,0x00000000ebc80000)
  to   space 2560K, 0% used [0x00000000ebd00000,0x00000000ebd00000,0x00000000ebf80000)
 ParOldGen       total 90112K, used 89698K [0x00000000c0000000, 0x00000000c5800000, 0x00000000eab00000)
  object space 90112K, 99% used [0x00000000c0000000,0x00000000c5798aa8,0x00000000c5800000)
 Metaspace       used 53630K, committed 54848K, reserved 1114112K
  class space    used 5583K, committed 6080K, reserved 1048576K
}
Event: 6.755 GC heap after
{Heap after GC invocations=58 (full 2):
 PSYoungGen      total 17920K, used 1728K [0x00000000eab00000, 0x00000000ebf00000, 0x0000000100000000)
  eden space 15872K, 0% used [0x00000000eab00000,0x00000000eab00000,0x00000000eba80000)
  from space 2048K, 84% used [0x00000000ebd00000,0x00000000ebeb0000,0x00000000ebf00000)
  to   space 2048K, 0% used [0x00000000eba80000,0x00000000eba80000,0x00000000ebc80000)
 ParOldGen       total 91648K, used 91542K [0x00000000c0000000, 0x00000000c5980000, 0x00000000eab00000)
  object space 91648K, 99% used [0x00000000c0000000,0x00000000c5965ab8,0x00000000c5980000)
 Metaspace       used 53630K, committed 54848K, reserved 1114112K
  class space    used 5583K, committed 6080K, reserved 1048576K
}

