# JRE version: OpenJDK Runtime Environment Temurin-21.0.6+7 (21.0.6+7) (build 21.0.6+7-LTS)
# Java VM: OpenJDK 64-Bit Server VM Temurin-21.0.6+7 (21.0.6+7-LTS, mixed mode, sharing, tiered, compressed oops, compressed class ptrs, parallel gc, windows-amd64)
GC Precious Log:
 CardTable entry size: 512
 CPUs: 12 total, 12 available
 Memory: 5989M
 Large Page Support: Disabled
 NUMA Support: Disabled
 Compressed Oops: Enabled (32-bit)
 Alignments: Space 512K, Generation 512K, Heap 2M
 Heap Min Capacity: 100M
 Heap Initial Capacity: 100M
 Heap Max Capacity: 1G
 Pre-touch: Disabled
 Parallel Workers: 10
Heap:
 PSYoungGen      total 10240K, used 9016K [0x00000000eab00000, 0x00000000ebb80000, 0x0000000100000000)
  eden space 6656K, 82% used [0x00000000eab00000,0x00000000eb05e508,0x00000000eb180000)
  from space 3584K, 98% used [0x00000000eb800000,0x00000000ebb6fec8,0x00000000ebb80000)
  to   space 3584K, 0% used [0x00000000eb480000,0x00000000eb480000,0x00000000eb800000)
 ParOldGen       total 180736K, used 180291K [0x00000000c0000000, 0x00000000cb080000, 0x00000000eab00000)
  object space 180736K, 99% used [0x00000000c0000000,0x00000000cb010e18,0x00000000cb080000)
 Metaspace       used 58595K, committed 59776K, reserved 1114112K
  class space    used 6081K, committed 6592K, reserved 1048576K
GC Heap History (20 events):
Event: 8.060 GC heap before
{Heap before GC invocations=119 (full 2):
 PSYoungGen      total 7680K, used 7672K [0x00000000eab00000, 0x00000000eba00000, 0x0000000100000000)
  eden space 7168K, 100% used [0x00000000eab00000,0x00000000eb200000,0x00000000eb200000)
  from space 512K, 98% used [0x00000000eb580000,0x00000000eb5fe008,0x00000000eb600000)
  to   space 3584K, 0% used [0x00000000eb200000,0x00000000eb200000,0x00000000eb580000)
 ParOldGen       total 146432K, used 146209K [0x00000000c0000000, 0x00000000c8f00000, 0x00000000eab00000)
  object space 146432K, 99% used [0x00000000c0000000,0x00000000c8ec85b8,0x00000000c8f00000)
 Metaspace       used 55189K, committed 56384K, reserved 1114112K
  class space    used 5696K, committed 6208K, reserved 1048576K
}
Event: 8.062 GC heap after
{Heap after GC invocations=119 (full 2):
 PSYoungGen      total 10752K, used 3572K [0x00000000eab00000, 0x00000000ebd00000, 0x0000000100000000)
  eden space 7168K, 0% used [0x00000000eab00000,0x00000000eab00000,0x00000000eb200000)
  from space 3584K, 99% used [0x00000000eb200000,0x00000000eb57d3a0,0x00000000eb580000)
  to   space 5632K, 0% used [0x00000000eb780000,0x00000000eb780000,0x00000000ebd00000)
 ParOldGen       total 147456K, used 147390K [0x00000000c0000000, 0x00000000c9000000, 0x00000000eab00000)
  object space 147456K, 99% used [0x00000000c0000000,0x00000000c8fefb60,0x00000000c9000000)
 Metaspace       used 55189K, committed 56384K, reserved 1114112K
  class space    used 5696K, committed 6208K, reserved 1048576K
}
Event: 8.131 GC heap before
{Heap before GC invocations=120 (full 2):
 PSYoungGen      total 10752K, used 10740K [0x00000000eab00000, 0x00000000ebd00000, 0x0000000100000000)
  eden space 7168K, 100% used [0x00000000eab00000,0x00000000eb200000,0x00000000eb200000)
  from space 3584K, 99% used [0x00000000eb200000,0x00000000eb57d3a0,0x00000000eb580000)
  to   space 5632K, 0% used [0x00000000eb780000,0x00000000eb780000,0x00000000ebd00000)
 ParOldGen       total 147456K, used 147390K [0x00000000c0000000, 0x00000000c9000000, 0x00000000eab00000)
  object space 147456K, 99% used [0x00000000c0000000,0x00000000c8fefb60,0x00000000c9000000)
 Metaspace       used 55502K, committed 56704K, reserved 1114112K
  class space    used 5727K, committed 6208K, reserved 1048576K
}
Event: 8.136 GC heap after
{Heap after GC invocations=120 (full 2):
 PSYoungGen      total 12288K, used 4643K [0x00000000eab00000, 0x00000000ebc80000, 0x0000000100000000)
  eden space 7168K, 0% used [0x00000000eab00000,0x00000000eab00000,0x00000000eb200000)
  from space 5120K, 90% used [0x00000000eb780000,0x00000000ebc08c70,0x00000000ebc80000)
  to   space 5120K, 0% used [0x00000000eb280000,0x00000000eb280000,0x00000000eb780000)
 ParOldGen       total 150016K, used 149668K [0x00000000c0000000, 0x00000000c9280000, 0x00000000eab00000)
  object space 150016K, 99% used [0x00000000c0000000,0x00000000c9229190,0x00000000c9280000)
 Metaspace       used 55502K, committed 56704K, reserved 1114112K
  class space    used 5727K, committed 6208K, reserved 1048576K
}
Event: 8.177 GC heap before
{Heap before GC invocations=121 (full 2):
 PSYoungGen      total 12288K, used 11811K [0x00000000eab00000, 0x00000000ebc80000, 0x0000000100000000)
  eden space 7168K, 100% used [0x00000000eab00000,0x00000000eb200000,0x00000000eb200000)
  from space 5120K, 90% used [0x00000000eb780000,0x00000000ebc08c70,0x00000000ebc80000)
  to   space 5120K, 0% used [0x00000000eb280000,0x00000000eb280000,0x00000000eb780000)
 ParOldGen       total 150016K, used 149668K [0x00000000c0000000, 0x00000000c9280000, 0x00000000eab00000)
  object space 150016K, 99% used [0x00000000c0000000,0x00000000c9229190,0x00000000c9280000)
 Metaspace       used 55963K, committed 57152K, reserved 1114112K
  class space    used 5788K, committed 6272K, reserved 1048576K
}
Event: 8.181 GC heap after
{Heap after GC invocations=121 (full 2):
 PSYoungGen      total 10752K, used 3202K [0x00000000eab00000, 0x00000000eba00000, 0x0000000100000000)
  eden space 7168K, 0% used [0x00000000eab00000,0x00000000eab00000,0x00000000eb200000)
  from space 3584K, 89% used [0x00000000eb280000,0x00000000eb5a0820,0x00000000eb600000)
  to   space 4096K, 0% used [0x00000000eb600000,0x00000000eb600000,0x00000000eba00000)
 ParOldGen       total 154112K, used 153918K [0x00000000c0000000, 0x00000000c9680000, 0x00000000eab00000)
  object space 154112K, 99% used [0x00000000c0000000,0x00000000c964fae0,0x00000000c9680000)
 Metaspace       used 55963K, committed 57152K, reserved 1114112K
  class space    used 5788K, committed 6272K, reserved 1048576K
}
Event: 8.241 GC heap before
{Heap before GC invocations=122 (full 2):
 PSYoungGen      total 10752K, used 10303K [0x00000000eab00000, 0x00000000eba00000, 0x0000000100000000)
  eden space 7168K, 99% used [0x00000000eab00000,0x00000000eb1ef718,0x00000000eb200000)
  from space 3584K, 89% used [0x00000000eb280000,0x00000000eb5a0820,0x00000000eb600000)
  to   space 4096K, 0% used [0x00000000eb600000,0x00000000eb600000,0x00000000eba00000)
 ParOldGen       total 154112K, used 153918K [0x00000000c0000000, 0x00000000c9680000, 0x00000000eab00000)
  object space 154112K, 99% used [0x00000000c0000000,0x00000000c964fae0,0x00000000c9680000)
 Metaspace       used 56224K, committed 57408K, reserved 1114112K
  class space    used 5846K, committed 6336K, reserved 1048576K
}
Event: 8.247 GC heap after
{Heap after GC invocations=122 (full 2):
 PSYoungGen      total 10752K, used 4051K [0x00000000eab00000, 0x00000000ebb00000, 0x0000000100000000)
  eden space 6656K, 0% used [0x00000000eab00000,0x00000000eab00000,0x00000000eb180000)
  from space 4096K, 98% used [0x00000000eb600000,0x00000000eb9f4e70,0x00000000eba00000)
  to   space 4608K, 0% used [0x00000000eb180000,0x00000000eb180000,0x00000000eb600000)
 ParOldGen       total 156672K, used 156657K [0x00000000c0000000, 0x00000000c9900000, 0x00000000eab00000)
  object space 156672K, 99% used [0x00000000c0000000,0x00000000c98fc4d0,0x00000000c9900000)
 Metaspace       used 56224K, committed 57408K, reserved 1114112K
  class space    used 5846K, committed 6336K, reserved 1048576K
}
Event: 8.300 GC heap before
{Heap before GC invocations=123 (full 2):
 PSYoungGen      total 10752K, used 10707K [0x00000000eab00000, 0x00000000ebb00000, 0x0000000100000000)
  eden space 6656K, 100% used [0x00000000eab00000,0x00000000eb180000,0x00000000eb180000)
  from space 4096K, 98% used [0x00000000eb600000,0x00000000eb9f4e70,0x00000000eba00000)
  to   space 4608K, 0% used [0x00000000eb180000,0x00000000eb180000,0x00000000eb600000)
 ParOldGen       total 156672K, used 156657K [0x00000000c0000000, 0x00000000c9900000, 0x00000000eab00000)
  object space 156672K, 99% used [0x00000000c0000000,0x00000000c98fc4d0,0x00000000c9900000)
 Metaspace       used 56532K, committed 57728K, reserved 1114112K
  class space    used 5864K, committed 6336K, reserved 1048576K
}
Event: 8.305 GC heap after
{Heap after GC invocations=123 (full 2):
 PSYoungGen      total 11264K, used 4581K [0x00000000eab00000, 0x00000000ec480000, 0x0000000100000000)
  eden space 6656K, 0% used [0x00000000eab00000,0x00000000eab00000,0x00000000eb180000)
  from space 4608K, 99% used [0x00000000eb180000,0x00000000eb5f95a8,0x00000000eb600000)
  to   space 9728K, 0% used [0x00000000ebb00000,0x00000000ebb00000,0x00000000ec480000)
 ParOldGen       total 160768K, used 160651K [0x00000000c0000000, 0x00000000c9d00000, 0x00000000eab00000)
  object space 160768K, 99% used [0x00000000c0000000,0x00000000c9ce2da0,0x00000000c9d00000)
 Metaspace       used 56532K, committed 57728K, reserved 1114112K
  class space    used 5864K, committed 6336K, reserved 1048576K
}
Event: 8.344 GC heap before
{Heap before GC invocations=124 (full 2):
 PSYoungGen      total 11264K, used 11237K [0x00000000eab00000, 0x00000000ec480000, 0x0000000100000000)
  eden space 6656K, 100% used [0x00000000eab00000,0x00000000eb180000,0x00000000eb180000)
  from space 4608K, 99% used [0x00000000eb180000,0x00000000eb5f95a8,0x00000000eb600000)
  to   space 9728K, 0% used [0x00000000ebb00000,0x00000000ebb00000,0x00000000ec480000)
 ParOldGen       total 160768K, used 160651K [0x00000000c0000000, 0x00000000c9d00000, 0x00000000eab00000)
  object space 160768K, 99% used [0x00000000c0000000,0x00000000c9ce2da0,0x00000000c9d00000)
 Metaspace       used 56881K, committed 58112K, reserved 1114112K
  class space    used 5904K, committed 6400K, reserved 1048576K
}
Event: 8.349 GC heap after
{Heap after GC invocations=124 (full 2):
 PSYoungGen      total 10752K, used 3591K [0x00000000eab00000, 0x00000000ebf00000, 0x0000000100000000)
  eden space 6656K, 0% used [0x00000000eab00000,0x00000000eab00000,0x00000000eb180000)
  from space 4096K, 87% used [0x00000000ebb00000,0x00000000ebe81cc8,0x00000000ebf00000)
  to   space 5632K, 0% used [0x00000000eb400000,0x00000000eb400000,0x00000000eb980000)
 ParOldGen       total 165376K, used 165233K [0x00000000c0000000, 0x00000000ca180000, 0x00000000eab00000)
  object space 165376K, 99% used [0x00000000c0000000,0x00000000ca15c4a0,0x00000000ca180000)
 Metaspace       used 56881K, committed 58112K, reserved 1114112K
  class space    used 5904K, committed 6400K, reserved 1048576K
}
Event: 8.423 GC heap before
{Heap before GC invocations=125 (full 2):
 PSYoungGen      total 10752K, used 10204K [0x00000000eab00000, 0x00000000ebf00000, 0x0000000100000000)
  eden space 6656K, 99% used [0x00000000eab00000,0x00000000eb1755d8,0x00000000eb180000)
  from space 4096K, 87% used [0x00000000ebb00000,0x00000000ebe81cc8,0x00000000ebf00000)
  to   space 5632K, 0% used [0x00000000eb400000,0x00000000eb400000,0x00000000eb980000)
 ParOldGen       total 165376K, used 165233K [0x00000000c0000000, 0x00000000ca180000, 0x00000000eab00000)
  object space 165376K, 99% used [0x00000000c0000000,0x00000000ca15c4a0,0x00000000ca180000)
 Metaspace       used 57225K, committed 58432K, reserved 1114112K
  class space    used 5942K, committed 6464K, reserved 1048576K
}
Event: 8.428 GC heap after
{Heap after GC invocations=125 (full 2):
 PSYoungGen      total 10752K, used 3825K [0x00000000eab00000, 0x00000000ebb80000, 0x0000000100000000)
  eden space 6656K, 0% used [0x00000000eab00000,0x00000000eab00000,0x00000000eb180000)
  from space 4096K, 93% used [0x00000000eb400000,0x00000000eb7bc4d0,0x00000000eb800000)
  to   space 3584K, 0% used [0x00000000eb800000,0x00000000eb800000,0x00000000ebb80000)
 ParOldGen       total 168960K, used 168617K [0x00000000c0000000, 0x00000000ca500000, 0x00000000eab00000)
  object space 168960K, 99% used [0x00000000c0000000,0x00000000ca4aa740,0x00000000ca500000)
 Metaspace       used 57225K, committed 58432K, reserved 1114112K
  class space    used 5942K, committed 6464K, reserved 1048576K
}
Event: 8.497 GC heap before
{Heap before GC invocations=126 (full 2):
 PSYoungGen      total 10752K, used 10481K [0x00000000eab00000, 0x00000000ebb80000, 0x0000000100000000)
  eden space 6656K, 100% used [0x00000000eab00000,0x00000000eb180000,0x00000000eb180000)
  from space 4096K, 93% used [0x00000000eb400000,0x00000000eb7bc4d0,0x00000000eb800000)
  to   space 3584K, 0% used [0x00000000eb800000,0x00000000eb800000,0x00000000ebb80000)
 ParOldGen       total 168960K, used 168617K [0x00000000c0000000, 0x00000000ca500000, 0x00000000eab00000)
  object space 168960K, 99% used [0x00000000c0000000,0x00000000ca4aa740,0x00000000ca500000)
 Metaspace       used 57515K, committed 58816K, reserved 1114112K
  class space    used 5970K, committed 6528K, reserved 1048576K
}
Event: 8.503 GC heap after
{Heap after GC invocations=126 (full 2):
 PSYoungGen      total 10240K, used 3218K [0x00000000eab00000, 0x00000000ebb80000, 0x0000000100000000)
  eden space 6656K, 0% used [0x00000000eab00000,0x00000000eab00000,0x00000000eb180000)
  from space 3584K, 89% used [0x00000000eb800000,0x00000000ebb24b78,0x00000000ebb80000)
  to   space 3584K, 0% used [0x00000000eb480000,0x00000000eb480000,0x00000000eb800000)
 ParOldGen       total 172544K, used 172285K [0x00000000c0000000, 0x00000000ca880000, 0x00000000eab00000)
  object space 172544K, 99% used [0x00000000c0000000,0x00000000ca83f778,0x00000000ca880000)
 Metaspace       used 57515K, committed 58816K, reserved 1114112K
  class space    used 5970K, committed 6528K, reserved 1048576K
}
Event: 8.543 GC heap before
{Heap before GC invocations=127 (full 2):
 PSYoungGen      total 10240K, used 9874K [0x00000000eab00000, 0x00000000ebb80000, 0x0000000100000000)
  eden space 6656K, 100% used [0x00000000eab00000,0x00000000eb180000,0x00000000eb180000)
  from space 3584K, 89% used [0x00000000eb800000,0x00000000ebb24b78,0x00000000ebb80000)
  to   space 3584K, 0% used [0x00000000eb480000,0x00000000eb480000,0x00000000eb800000)
 ParOldGen       total 172544K, used 172285K [0x00000000c0000000, 0x00000000ca880000, 0x00000000eab00000)
  object space 172544K, 99% used [0x00000000c0000000,0x00000000ca83f778,0x00000000ca880000)
 Metaspace       used 57932K, committed 59200K, reserved 1114112K
  class space    used 6007K, committed 6528K, reserved 1048576K
}
Event: 8.549 GC heap after
{Heap after GC invocations=127 (full 2):
 PSYoungGen      total 10240K, used 3567K [0x00000000eab00000, 0x00000000ebb80000, 0x0000000100000000)
  eden space 6656K, 0% used [0x00000000eab00000,0x00000000eab00000,0x00000000eb180000)
  from space 3584K, 99% used [0x00000000eb480000,0x00000000eb7fbf18,0x00000000eb800000)
  to   space 3584K, 0% used [0x00000000eb800000,0x00000000eb800000,0x00000000ebb80000)
 ParOldGen       total 177152K, used 176738K [0x00000000c0000000, 0x00000000cad00000, 0x00000000eab00000)
  object space 177152K, 99% used [0x00000000c0000000,0x00000000cac989e0,0x00000000cad00000)
 Metaspace       used 57932K, committed 59200K, reserved 1114112K
  class space    used 6007K, committed 6528K, reserved 1048576K
}
Event: 8.622 GC heap before
{Heap before GC invocations=128 (full 2):
 PSYoungGen      total 10240K, used 10223K [0x00000000eab00000, 0x00000000ebb80000, 0x0000000100000000)
  eden space 6656K, 100% used [0x00000000eab00000,0x00000000eb180000,0x00000000eb180000)
  from space 3584K, 99% used [0x00000000eb480000,0x00000000eb7fbf18,0x00000000eb800000)
  to   space 3584K, 0% used [0x00000000eb800000,0x00000000eb800000,0x00000000ebb80000)
 ParOldGen       total 177152K, used 176738K [0x00000000c0000000, 0x00000000cad00000, 0x00000000eab00000)
  object space 177152K, 99% used [0x00000000c0000000,0x00000000cac989e0,0x00000000cad00000)
 Metaspace       used 58224K, committed 59456K, reserved 1114112K
  class space    used 6043K, committed 6592K, reserved 1048576K
}
Event: 8.628 GC heap after
{Heap after GC invocations=128 (full 2):
 PSYoungGen      total 10240K, used 3519K [0x00000000eab00000, 0x00000000ebb80000, 0x0000000100000000)
  eden space 6656K, 0% used [0x00000000eab00000,0x00000000eab00000,0x00000000eb180000)
  from space 3584K, 98% used [0x00000000eb800000,0x00000000ebb6fec8,0x00000000ebb80000)
  to   space 3584K, 0% used [0x00000000eb480000,0x00000000eb480000,0x00000000eb800000)
 ParOldGen       total 180736K, used 180291K [0x00000000c0000000, 0x00000000cb080000, 0x00000000eab00000)
  object space 180736K, 99% used [0x00000000c0000000,0x00000000cb010e18,0x00000000cb080000)
 Metaspace       used 58224K, committed 59456K, reserved 1114112K
  class space    used 6043K, committed 6592K, reserved 1048576K
}

